Added Component: Designator=ANT1(ANT_IFA_USB_2_4GHZ_50R)
Add component (AddParameter): Name = "ComponentLink1Description"; Value = "Datasheet"; VariantName = "[No Variations]"
Add component (AddParameter): Name = "ComponentLink1URL"; Value = "https://www.ti.com/lit/an/swra117d/swra117d.pdf"; VariantName = "[No Variations]"
Added Component: Designator=C1(CAP_0402)
Added Component: Designator=C2(CAP_0402)
Added Component: Designator=C3(CAP_0402)
Added Component: Designator=C4(CAP_0402)
Added Component: Designator=C5(CAP_0402)
Added Component: Designator=C6(CAP_0402)
Added Component: Designator=C7(CAP_0402)
Added Component: Designator=C8(CAP_0402)
Added Component: Designator=C9(CAP_0402)
Added Component: Designator=C10(CAP_0402)
Added Component: Designator=C11(CAP_0402)
Added Component: Designator=C12(CAP_0402)
Added Component: Designator=C13(CAP_0402)
Added Component: Designator=C14(CAP_0402)
Added Component: Designator=C15(CAP_0402)
Added Component: Designator=C16(CAP_0402)
Added Component: Designator=C17(CAP_0603)
Added Component: Designator=C18(CAP_0603)
Added Component: Designator=C19(CAP_0603)
Added Component: Designator=C20(CAP_0402)
Added Component: Designator=C21(CAP_0603)
Added Component: Designator=C22(CAP_0402)
Added Component: Designator=C23(CAP_0402)
Added Component: Designator=D1(FP-SOT-666-MFG)
Add component (AddParameter): Name = "Breakdown Voltage"; Value = "6V"; VariantName = "[No Variations]"
Add component (AddParameter): Name = "Capacitance"; Value = "3.5pF"; VariantName = "[No Variations]"
Add component (AddParameter): Name = "Case/Package"; Value = "SOT-666"; VariantName = "[No Variations]"
Add component (AddParameter): Name = "Clamping Voltage"; Value = "17V"; VariantName = "[No Variations]"
Add component (AddParameter): Name = "Contact Plating"; Value = "Tin"; VariantName = "[No Variations]"
Add component (AddParameter): Name = "Depth"; Value = "1.3mm"; VariantName = "[No Variations]"
Add component (AddParameter): Name = "Direction"; Value = "Unidirectional"; VariantName = "[No Variations]"
Add component (AddParameter): Name = "Element Configuration"; Value = "Dual"; VariantName = "[No Variations]"
Add component (AddParameter): Name = "ESD Protection"; Value = "Yes"; VariantName = "[No Variations]"
Add component (AddParameter): Name = "Height"; Value = "0.6mm"; VariantName = "[No Variations]"
Add component (AddParameter): Name = "Lead Free"; Value = "Lead Free"; VariantName = "[No Variations]"
Add component (AddParameter): Name = "Leakage Current"; Value = "150nA"; VariantName = "[No Variations]"
Add component (AddParameter): Name = "Length"; Value = "1.7mm"; VariantName = "[No Variations]"
Add component (AddParameter): Name = "Max Breakdown Voltage"; Value = "6V"; VariantName = "[No Variations]"
Add component (AddParameter): Name = "Max Operating Temperature"; Value = "125°C"; VariantName = "[No Variations]"
Add component (AddParameter): Name = "Max Reverse Leakage Current"; Value = "150nA"; VariantName = "[No Variations]"
Add component (AddParameter): Name = "Min Breakdown Voltage"; Value = "6V"; VariantName = "[No Variations]"
Add component (AddParameter): Name = "Min Operating Temperature"; Value = "-40°C"; VariantName = "[No Variations]"
Add component (AddParameter): Name = "Mount"; Value = "Surface Mount"; VariantName = "[No Variations]"
Add component (AddParameter): Name = "Number of Bidirectional Channels"; Value = "2"; VariantName = "[No Variations]"
Add component (AddParameter): Name = "Number of Channels"; Value = "2"; VariantName = "[No Variations]"
Add component (AddParameter): Name = "Number of Elements"; Value = "1"; VariantName = "[No Variations]"
Add component (AddParameter): Name = "Number of Pins"; Value = "6"; VariantName = "[No Variations]"
Add component (AddParameter): Name = "Operating Supply Voltage"; Value = "5V"; VariantName = "[No Variations]"
Add component (AddParameter): Name = "Package Quantity"; Value = "1"; VariantName = "[No Variations]"
Add component (AddParameter): Name = "Packaging"; Value = "Tape and Reel"; VariantName = "[No Variations]"
Add component (AddParameter): Name = "Peak Pulse Current"; Value = "5A"; VariantName = "[No Variations]"
Add component (AddParameter): Name = "Polarity"; Value = "Unidirectional"; VariantName = "[No Variations]"
Add component (AddParameter): Name = "Power Line Protection"; Value = "Yes"; VariantName = "[No Variations]"
Add component (AddParameter): Name = "Radiation Hardening"; Value = "No"; VariantName = "[No Variations]"
Add component (AddParameter): Name = "REACH SVHC"; Value = "No SVHC"; VariantName = "[No Variations]"
Add component (AddParameter): Name = "Reverse Breakdown Voltage"; Value = "6V"; VariantName = "[No Variations]"
Add component (AddParameter): Name = "Reverse Standoff Voltage"; Value = "5V"; VariantName = "[No Variations]"
Add component (AddParameter): Name = "Termination"; Value = "SMD/SMT"; VariantName = "[No Variations]"
Add component (AddParameter): Name = "Test Current"; Value = "1mA"; VariantName = "[No Variations]"
Add component (AddParameter): Name = "Width"; Value = "1.3mm"; VariantName = "[No Variations]"
Add component (AddParameter): Name = "Working Voltage"; Value = "5V"; VariantName = "[No Variations]"
Added Component: Designator=D2(LED_0603_GREEN)
Added Component: Designator=D3(LED_0603_RED)
Added Component: Designator=F1(FP-SF-0603S-MFG)
Add component (AddParameter): Name = "Automotive"; Value = "No"; VariantName = "[No Variations]"
Add component (AddParameter): Name = "Category"; Value = "Fuse"; VariantName = "[No Variations]"
Add component (AddParameter): Name = "ComponentLink2Description"; Value = "Datasheet"; VariantName = "[No Variations]"
Add component (AddParameter): Name = "ComponentLink2URL"; Value = "https://www.bourns.com/docs/product-datasheets/sf0603s.pdf"; VariantName = "[No Variations]"
Add component (AddParameter): Name = "Device Class L1"; Value = "Circuit Protection"; VariantName = "[No Variations]"
Add component (AddParameter): Name = "Device Class L2"; Value = "Fuses"; VariantName = "[No Variations]"
Add component (AddParameter): Name = "Device Class L3"; Value = "unset"; VariantName = "[No Variations]"
Add component (AddParameter): Name = "Digikey Description"; Value = "FUSE BOARD MNT 500MA 50VDC 0603"; VariantName = "[No Variations]"
Add component (AddParameter): Name = "Fuse Blow Speed"; Value = "Slow"; VariantName = "[No Variations]"
Add component (AddParameter): Name = "Fuse Current"; Value = "0.5A"; VariantName = "[No Variations]"
Add component (AddParameter): Name = "Fuse I2T"; Value = "0.009A2Sec"; VariantName = "[No Variations]"
Add component (AddParameter): Name = "Fuse Interrupt Ac Current"; Value = "50A"; VariantName = "[No Variations]"
Add component (AddParameter): Name = "Fuse Interrupt Dc Current"; Value = "50A"; VariantName = "[No Variations]"
Add component (AddParameter): Name = "Height"; Value = "0.55mm"; VariantName = "[No Variations]"
Add component (AddParameter): Name = "Ipc Land Pattern Name"; Value = "CAPC16080X45"; VariantName = "[No Variations]"
Add component (AddParameter): Name = "Lead Free"; Value = "Yes"; VariantName = "[No Variations]"
Add component (AddParameter): Name = "Manufacturer"; Value = "Bourns Inc."; VariantName = "[No Variations]"
Add component (AddParameter): Name = "Manufacturer Part Number"; Value = "SF-0603S050-2"; VariantName = "[No Variations]"
Add component (AddParameter): Name = "Max Fuse Ac Voltage"; Value = "35V"; VariantName = "[No Variations]"
Add component (AddParameter): Name = "Max Fuse Dc Voltage"; Value = "50V"; VariantName = "[No Variations]"
Add component (AddParameter): Name = "Mouser Description"; Value = "Surface Mount Fuses 0.50A Slow Blow SinglFuse"; VariantName = "[No Variations]"
Add component (AddParameter): Name = "Octopart"; Value = "https://octopart.com/sf-0603s050-2-bourns-10486821"; VariantName = "[No Variations]"
Add component (AddParameter): Name = "Package"; Value = "SF-0603S"; VariantName = "[No Variations]"
Add component (AddParameter): Name = "Resistance"; Value = "232mO"; VariantName = "[No Variations]"
Add component (AddParameter): Name = "RoHS"; Value = "TRUE"; VariantName = "[No Variations]"
Add component (AddParameter): Name = "Temperature"; Value = "-20°C to +105°C"; VariantName = "[No Variations]"
Add component (AddParameter): Name = "Temperature Range High"; Value = "+105°C"; VariantName = "[No Variations]"
Add component (AddParameter): Name = "Temperature Range Low"; Value = "-20°C"; VariantName = "[No Variations]"
Add component (AddParameter): Name = "Value"; Value = "232mO"; VariantName = "[No Variations]"
Added Component: Designator=FB1(FB_0402)
Added Component: Designator=J1(TC2030-NL-FP)
Add component (AddParameter): Name = "Manufacturer"; Value = "Tag-Connect"; VariantName = "[No Variations]"
Add component (AddParameter): Name = "Manufacturer Part Number"; Value = "TC2030-NL-FP"; VariantName = "[No Variations]"
Added Component: Designator=J2(XT60UPB-M)
Add component (AddParameter): Name = "Manufacturer"; Value = "AMASS"; VariantName = "[No Variations]"
Add component (AddParameter): Name = "Manufacturer Part Number"; Value = "XT60UPB-M"; VariantName = "[No Variations]"
Added Component: Designator=J3(TYPE-C-31-M-12)
Add component (AddParameter): Name = "Manufacturer"; Value = "Koren Hroparts"; VariantName = "[No Variations]"
Add component (AddParameter): Name = "Manufacturer Part Number"; Value = "TYPE-C-31-M-12"; VariantName = "[No Variations]"
Added Component: Designator=L1(IND_0402)
Added Component: Designator=L2(IND_0603)
Added Component: Designator=L3(IND_0402)
Added Component: Designator=L4(IND_0603)
Added Component: Designator=R1(RES_0402)
Added Component: Designator=R2(RES_0402)
Added Component: Designator=R3(RES_0402)
Added Component: Designator=U1(AQFN50P700X700X85_HS-74N)
Add component (AddParameter): Name = "Artikkelnr Noca"; Value = "N.A."; VariantName = "[No Variations]"
Add component (AddParameter): Name = "Assembly"; Value = ""; VariantName = "[No Variations]"
Add component (AddParameter): Name = "Author"; Value = "hany"; VariantName = "[No Variations]"
Add component (AddParameter): Name = "Component Class"; Value = "nRF_Devices"; VariantName = "[No Variations]"
Add component (AddParameter): Name = "ComponentLink1Description"; Value = "Datasheet"; VariantName = "[No Variations]"
Add component (AddParameter): Name = "ComponentLink1URL"; Value = "N.A."; VariantName = "[No Variations]"
Add component (AddParameter): Name = "ComponentLink2Description"; Value = "Supplier link"; VariantName = "[No Variations]"
Add component (AddParameter): Name = "ComponentLink2URL"; Value = "N.A."; VariantName = "[No Variations]"
Add component (AddParameter): Name = "Footprint Doc"; Value = "AQFN-73"; VariantName = "[No Variations]"
Add component (AddParameter): Name = "HelpURL"; Value = "N.A."; VariantName = "[No Variations]"
Add component (AddParameter): Name = "LatestRevisionDate"; Value = "2021-03-24"; VariantName = "[No Variations]"
Add component (AddParameter): Name = "Manufacturer"; Value = "Nordic Semiconductor"; VariantName = "[No Variations]"
Add component (AddParameter): Name = "Manufacturer Part Number"; Value = "nRF52840-QIAAF0"; VariantName = "[No Variations]"
Add component (AddParameter): Name = "Note"; Value = "N.A."; VariantName = "[No Variations]"
Add component (AddParameter): Name = "Pad Count"; Value = "73"; VariantName = "[No Variations]"
Add component (AddParameter): Name = "Part Number"; Value = "nRF52840-QIAAF0"; VariantName = "[No Variations]"
Add component (AddParameter): Name = "Part number IPS"; Value = "N.A."; VariantName = "[No Variations]"
Add component (AddParameter): Name = "Part number Norautron"; Value = "N.A."; VariantName = "[No Variations]"
Add component (AddParameter): Name = "PartId"; Value = "102000222"; VariantName = "[No Variations]"
Add component (AddParameter): Name = "Published"; Value = "2021-03-24"; VariantName = "[No Variations]"
Add component (AddParameter): Name = "Supplier 1"; Value = "Nordic Semiconductor"; VariantName = "[No Variations]"
Add component (AddParameter): Name = "Supplier 2"; Value = "N.A."; VariantName = "[No Variations]"
Add component (AddParameter): Name = "Supplier Part Number 1"; Value = "nRF52840-QIAAF0"; VariantName = "[No Variations]"
Add component (AddParameter): Name = "Supplier Part Number 2"; Value = "N.A."; VariantName = "[No Variations]"
Add component (AddParameter): Name = "Value"; Value = "nRF52840-QIAA"; VariantName = "[No Variations]"
Added Component: Designator=U2(SOT23-6)
Added Component: Designator=X1(BT-XTAL_2016)
Add component (AddParameter): Name = "Artikkelnr Noca"; Value = "22010050"; VariantName = "[No Variations]"
Add component (AddParameter): Name = "Assembly"; Value = ""; VariantName = "[No Variations]"
Add component (AddParameter): Name = "Author"; Value = "rsk"; VariantName = "[No Variations]"
Add component (AddParameter): Name = "Component Class"; Value = "Oscillators"; VariantName = "[No Variations]"
Add component (AddParameter): Name = "ComponentLink1Description"; Value = "Datasheet"; VariantName = "[No Variations]"
Add component (AddParameter): Name = "ComponentLink1URL"; Value = "N.A."; VariantName = "[No Variations]"
Add component (AddParameter): Name = "ComponentLink2Description"; Value = "Supplier link"; VariantName = "[No Variations]"
Add component (AddParameter): Name = "ComponentLink2URL"; Value = "N.A."; VariantName = "[No Variations]"
Add component (AddParameter): Name = "Footprint Doc"; Value = "XTAL_2016"; VariantName = "[No Variations]"
Add component (AddParameter): Name = "HelpURL"; Value = "\\hizz\pro\app9717\Datasheet\crystals\Golledge\mp06003.pdf"; VariantName = "[No Variations]"
Add component (AddParameter): Name = "LatestRevisionDate"; Value = "2016-11-02"; VariantName = "[No Variations]"
Add component (AddParameter): Name = "Manufacturer"; Value = "Golledge"; VariantName = "[No Variations]"
Add component (AddParameter): Name = "Manufacturer Part Number"; Value = "MP06003"; VariantName = "[No Variations]"
Add component (AddParameter): Name = "Note"; Value = "XTAL SMD 32.000MHz"; VariantName = "[No Variations]"
Add component (AddParameter): Name = "Pad Count"; Value = "4"; VariantName = "[No Variations]"
Add component (AddParameter): Name = "Part Number"; Value = "XTAL_SMD2016_32MHz_8pF_Golledge"; VariantName = "[No Variations]"
Add component (AddParameter): Name = "Part number IPS"; Value = "00000001431"; VariantName = "[No Variations]"
Add component (AddParameter): Name = "Part number Norautron"; Value = "N.A."; VariantName = "[No Variations]"
Add component (AddParameter): Name = "PartId"; Value = "101600041"; VariantName = "[No Variations]"
Add component (AddParameter): Name = "Pin Count"; Value = "4"; VariantName = "[No Variations]"
Add component (AddParameter): Name = "Published"; Value = "2016-11-02"; VariantName = "[No Variations]"
Add component (AddParameter): Name = "Publisher"; Value = "Nordic Semiconductor"; VariantName = "[No Variations]"
Add component (AddParameter): Name = "Supplier 1"; Value = "Link Nordic"; VariantName = "[No Variations]"
Add component (AddParameter): Name = "Supplier 2"; Value = "N.A."; VariantName = "[No Variations]"
Add component (AddParameter): Name = "Supplier Part Number 1"; Value = "N.A."; VariantName = "[No Variations]"
Add component (AddParameter): Name = "Supplier Part Number 2"; Value = "N.A."; VariantName = "[No Variations]"
Add component (AddParameter): Name = "Value"; Value = "32MHz"; VariantName = "[No Variations]"
Added Component: Designator=X2(XTAL_3215)
Add component (AddParameter): Name = "Artikkelnr Noca"; Value = "22010049"; VariantName = "[No Variations]"
Add component (AddParameter): Name = "Assembly"; Value = ""; VariantName = "[No Variations]"
Add component (AddParameter): Name = "Author"; Value = "rsk"; VariantName = "[No Variations]"
Add component (AddParameter): Name = "Component Class"; Value = "Oscillators"; VariantName = "[No Variations]"
Add component (AddParameter): Name = "ComponentLink1Description"; Value = "Datasheet"; VariantName = "[No Variations]"
Add component (AddParameter): Name = "ComponentLink1URL"; Value = "N.A."; VariantName = "[No Variations]"
Add component (AddParameter): Name = "ComponentLink2Description"; Value = "Supplier link"; VariantName = "[No Variations]"
Add component (AddParameter): Name = "ComponentLink2URL"; Value = "N.A."; VariantName = "[No Variations]"
Add component (AddParameter): Name = "Footprint Doc"; Value = "XTAL_3215"; VariantName = "[No Variations]"
Add component (AddParameter): Name = "HelpURL"; Value = "N.A."; VariantName = "[No Variations]"
Add component (AddParameter): Name = "LatestRevisionDate"; Value = "2017-10-23"; VariantName = "[No Variations]"
Add component (AddParameter): Name = "Manufacturer"; Value = "NDK"; VariantName = "[No Variations]"
Add component (AddParameter): Name = "Manufacturer Part Number"; Value = "NX3215SA-32.768K-STD-MUA-9"; VariantName = "[No Variations]"
Add component (AddParameter): Name = "Note"; Value = "XTAL SMD 32.768kHz"; VariantName = "[No Variations]"
Add component (AddParameter): Name = "Pad Count"; Value = "2"; VariantName = "[No Variations]"
Add component (AddParameter): Name = "Part Number"; Value = "XTAL_SMD3215_32.768kHz_9pF_NDK"; VariantName = "[No Variations]"
Add component (AddParameter): Name = "Part number IPS"; Value = "00000005419"; VariantName = "[No Variations]"
Add component (AddParameter): Name = "Part number Norautron"; Value = "N.A."; VariantName = "[No Variations]"
Add component (AddParameter): Name = "PartId"; Value = "101600019"; VariantName = "[No Variations]"
Add component (AddParameter): Name = "Pin Count"; Value = "2"; VariantName = "[No Variations]"
Add component (AddParameter): Name = "Published"; Value = "2017-10-23"; VariantName = "[No Variations]"
Add component (AddParameter): Name = "Publisher"; Value = "Nordic Semiconductor"; VariantName = "[No Variations]"
Add component (AddParameter): Name = "Supplier 1"; Value = "N.A."; VariantName = "[No Variations]"
Add component (AddParameter): Name = "Supplier 2"; Value = "N.A."; VariantName = "[No Variations]"
Add component (AddParameter): Name = "Supplier Part Number 1"; Value = "N.A."; VariantName = "[No Variations]"
Add component (AddParameter): Name = "Supplier Part Number 2"; Value = "N.A."; VariantName = "[No Variations]"
Add component (AddParameter): Name = "Value"; Value = "32.768kHz"; VariantName = "[No Variations]"
Added Pin To Net: NetName=+5v Pin=C21-2
Added Pin To Net: NetName=+5v Pin=C23-2
Added Pin To Net: NetName=+5v Pin=D2-A
Added Pin To Net: NetName=+5v Pin=D3-A
Added Pin To Net: NetName=+5v Pin=F1-2
Added Pin To Net: NetName=+5v Pin=U1-AD2
Added Pin To Net: NetName=+5v Pin=U2-4
Added Net: Name=+5v
Added Pin To Net: NetName=AIN2 Pin=U1-J1
Added Net: Name=AIN2
Added Pin To Net: NetName=AIN3 Pin=U1-K2
Added Net: Name=AIN3
Added Pin To Net: NetName=Antenna Pin=ANT1-1
Added Pin To Net: NetName=Antenna Pin=ANT1-1
Added Pin To Net: NetName=Antenna Pin=ANT1-1
Added Pin To Net: NetName=Antenna Pin=ANT1-1
Added Pin To Net: NetName=Antenna Pin=ANT1-1
Added Pin To Net: NetName=Antenna Pin=ANT1-1
Added Pin To Net: NetName=Antenna Pin=ANT1-1
Added Pin To Net: NetName=Antenna Pin=ANT1-1
Added Pin To Net: NetName=Antenna Pin=ANT1-1
Added Pin To Net: NetName=Antenna Pin=ANT1-1
Added Pin To Net: NetName=Antenna Pin=ANT1-1
Added Pin To Net: NetName=Antenna Pin=C14-2
Added Pin To Net: NetName=Antenna Pin=C15-1
Added Pin To Net: NetName=Antenna Pin=L3-2
Added Net: Name=Antenna
Added Pin To Net: NetName=D_N Pin=D1-4
Added Pin To Net: NetName=D_N Pin=U1-AD4
Added Net: Name=D_N
Added Pin To Net: NetName=D_P Pin=D1-6
Added Pin To Net: NetName=D_P Pin=U1-AD6
Added Net: Name=D_P
Added Pin To Net: NetName=DCC_10uH_15uH Pin=L1-2
Added Pin To Net: NetName=DCC_10uH_15uH Pin=L2-1
Added Net: Name=DCC_10uH_15uH
Added Pin To Net: NetName=GND Pin=ANT1-2
Added Pin To Net: NetName=GND Pin=C1-1
Added Pin To Net: NetName=GND Pin=C2-1
Added Pin To Net: NetName=GND Pin=C3-2
Added Pin To Net: NetName=GND Pin=C4-1
Added Pin To Net: NetName=GND Pin=C5-1
Added Pin To Net: NetName=GND Pin=C6-2
Added Pin To Net: NetName=GND Pin=C7-2
Added Pin To Net: NetName=GND Pin=C8-1
Added Pin To Net: NetName=GND Pin=C9-1
Added Pin To Net: NetName=GND Pin=C10-1
Added Pin To Net: NetName=GND Pin=C11-2
Added Pin To Net: NetName=GND Pin=C12-2
Added Pin To Net: NetName=GND Pin=C13-1
Added Pin To Net: NetName=GND Pin=C14-1
Added Pin To Net: NetName=GND Pin=C15-2
Added Pin To Net: NetName=GND Pin=C16-1
Added Pin To Net: NetName=GND Pin=C17-1
Added Pin To Net: NetName=GND Pin=C18-1
Added Pin To Net: NetName=GND Pin=C19-1
Added Pin To Net: NetName=GND Pin=C20-1
Added Pin To Net: NetName=GND Pin=C21-1
Added Pin To Net: NetName=GND Pin=C22-1
Added Pin To Net: NetName=GND Pin=C23-1
Added Pin To Net: NetName=GND Pin=D1-2
Added Pin To Net: NetName=GND Pin=J1-5
Added Pin To Net: NetName=GND Pin=J2-2
Added Pin To Net: NetName=GND Pin=J3-A1B12
Added Pin To Net: NetName=GND Pin=J3-B1A12
Added Pin To Net: NetName=GND Pin=R1-1
Added Pin To Net: NetName=GND Pin=R2-2
Added Pin To Net: NetName=GND Pin=R3-2
Added Pin To Net: NetName=GND Pin=U1-74
Added Pin To Net: NetName=GND Pin=U1-B7
Added Pin To Net: NetName=GND Pin=U1-F23
Added Pin To Net: NetName=GND Pin=U2-2
Added Pin To Net: NetName=GND Pin=X1-2
Added Pin To Net: NetName=GND Pin=X1-4
Added Net: Name=GND
Added Pin To Net: NetName=GPI09 Pin=U1-U1
Added Net: Name=GPI09
Added Pin To Net: NetName=GPIO1 Pin=U1-G1
Added Net: Name=GPIO1
Added Pin To Net: NetName=GPIO2 Pin=U1-H2
Added Net: Name=GPIO2
Added Pin To Net: NetName=GPIO3 Pin=U1-L1
Added Net: Name=GPIO3
Added Pin To Net: NetName=GPIO4 Pin=U1-M2
Added Net: Name=GPIO4
Added Pin To Net: NetName=GPIO5 Pin=U1-N1
Added Net: Name=GPIO5
Added Pin To Net: NetName=GPIO6 Pin=U1-P2
Added Net: Name=GPIO6
Added Pin To Net: NetName=GPIO7 Pin=U1-R1
Added Net: Name=GPIO7
Added Pin To Net: NetName=GPIO8 Pin=U1-T2
Added Net: Name=GPIO8
Added Pin To Net: NetName=GPIO10 Pin=U1-AD8
Added Net: Name=GPIO10
Added Pin To Net: NetName=GPIO11 Pin=U1-AC9
Added Net: Name=GPIO11
Added Pin To Net: NetName=GPIO12 Pin=U1-AD10
Added Net: Name=GPIO12
Added Pin To Net: NetName=GPIO13 Pin=U1-AC11
Added Net: Name=GPIO13
Added Pin To Net: NetName=GPIO14 Pin=U1-AD12
Added Net: Name=GPIO14
Added Pin To Net: NetName=GPIO15 Pin=U1-AD16
Added Net: Name=GPIO15
Added Pin To Net: NetName=GPIO16 Pin=U1-AC17
Added Net: Name=GPIO16
Added Pin To Net: NetName=GPIO17 Pin=U1-AD18
Added Net: Name=GPIO17
Added Pin To Net: NetName=GPIO18 Pin=U1-AC19
Added Net: Name=GPIO18
Added Pin To Net: NetName=GPIO19 Pin=U1-AD20
Added Net: Name=GPIO19
Added Pin To Net: NetName=GPIO20 Pin=U1-AC21
Added Net: Name=GPIO20
Added Pin To Net: NetName=GPIO_SD1 Pin=U1-A8
Added Net: Name=GPIO_SD1
Added Pin To Net: NetName=GPIO_SD2 Pin=U1-B9
Added Net: Name=GPIO_SD2
Added Pin To Net: NetName=GPIO_SD3 Pin=U1-A10
Added Net: Name=GPIO_SD3
Added Pin To Net: NetName=GPIO_SD4 Pin=U1-B11
Added Net: Name=GPIO_SD4
Added Pin To Net: NetName=GPIO_SD5 Pin=U1-A12
Added Net: Name=GPIO_SD5
Added Pin To Net: NetName=GPIO_SD6 Pin=U1-B13
Added Net: Name=GPIO_SD6
Added Pin To Net: NetName=GPIO_SD7 Pin=U1-A14
Added Net: Name=GPIO_SD7
Added Pin To Net: NetName=GPIO_SD8 Pin=U1-B15
Added Net: Name=GPIO_SD8
Added Pin To Net: NetName=GPIO_SD9 Pin=U1-A16
Added Net: Name=GPIO_SD9
Added Pin To Net: NetName=GPIO_SD10 Pin=U1-B17
Added Net: Name=GPIO_SD10
Added Pin To Net: NetName=GPIO_SD11 Pin=U1-B19
Added Net: Name=GPIO_SD11
Added Pin To Net: NetName=GPIO_SD12 Pin=U1-A20
Added Net: Name=GPIO_SD12
Added Pin To Net: NetName=GPIO_SD13 Pin=U1-P23
Added Net: Name=GPIO_SD13
Added Pin To Net: NetName=GPIO_SD14 Pin=U1-R24
Added Net: Name=GPIO_SD14
Added Pin To Net: NetName=GPIO_SD15 Pin=U1-T23
Added Net: Name=GPIO_SD15
Added Pin To Net: NetName=GPIO_SD16 Pin=U1-U24
Added Net: Name=GPIO_SD16
Added Pin To Net: NetName=GPIO_SD17 Pin=U1-V23
Added Net: Name=GPIO_SD17
Added Pin To Net: NetName=GPIO_SD18 Pin=U1-W24
Added Net: Name=GPIO_SD18
Added Pin To Net: NetName=GPIO_SD19 Pin=U1-Y23
Added Net: Name=GPIO_SD19
Added Pin To Net: NetName=MCU_ANT Pin=C13-2
Added Pin To Net: NetName=MCU_ANT Pin=L3-1
Added Pin To Net: NetName=MCU_ANT Pin=U1-H23
Added Net: Name=MCU_ANT
Added Pin To Net: NetName=MCU_DCCH Pin=L4-2
Added Pin To Net: NetName=MCU_DCCH Pin=U1-AB2
Added Net: Name=MCU_DCCH
Added Pin To Net: NetName=MCU_DCC Pin=L2-2
Added Pin To Net: NetName=MCU_DCC Pin=U1-B3
Added Net: Name=MCU_DCC
Added Pin To Net: NetName=MCU_DEC1 Pin=C9-2
Added Pin To Net: NetName=MCU_DEC1 Pin=U1-C1
Added Net: Name=MCU_DEC1
Added Pin To Net: NetName=MCU_DEC2 Pin=C3-1
Added Pin To Net: NetName=MCU_DEC2 Pin=U1-A18
Added Net: Name=MCU_DEC2
Added Pin To Net: NetName=MCU_DEC3 Pin=C8-2
Added Pin To Net: NetName=MCU_DEC3 Pin=U1-D23
Added Net: Name=MCU_DEC3
Added Pin To Net: NetName=MCU_DEC5 Pin=C16-2
Added Pin To Net: NetName=MCU_DEC5 Pin=U1-N24
Added Net: Name=MCU_DEC5
Added Pin To Net: NetName=MCU_DEC6 Pin=C1-2
Added Pin To Net: NetName=MCU_DEC6 Pin=C2-2
Added Pin To Net: NetName=MCU_DEC6 Pin=C10-2
Added Pin To Net: NetName=MCU_DEC6 Pin=L1-1
Added Pin To Net: NetName=MCU_DEC6 Pin=U1-B5
Added Pin To Net: NetName=MCU_DEC6 Pin=U1-E24
Added Net: Name=MCU_DEC6
Added Pin To Net: NetName=MCU_DECUSB Pin=C19-2
Added Pin To Net: NetName=MCU_DECUSB Pin=U1-AC5
Added Net: Name=MCU_DECUSB
Added Pin To Net: NetName=NetD2_K Pin=D2-K
Added Pin To Net: NetName=NetD2_K Pin=U2-5
Added Net: Name=NetD2_K
Added Pin To Net: NetName=NetD3_K Pin=D3-K
Added Pin To Net: NetName=NetD3_K Pin=U2-1
Added Net: Name=NetD3_K
Added Pin To Net: NetName=NetF1_1 Pin=F1-1
Added Pin To Net: NetName=NetF1_1 Pin=FB1-2
Added Net: Name=NetF1_1
Added Pin To Net: NetName=NetJ2_1 Pin=J2-1
Added Pin To Net: NetName=NetJ2_1 Pin=U2-3
Added Net: Name=NetJ2_1
Added Pin To Net: NetName=NetJ3_A5 Pin=J3-A5
Added Pin To Net: NetName=NetJ3_A5 Pin=R2-1
Added Net: Name=NetJ3_A5
Added Pin To Net: NetName=NetJ3_B5 Pin=J3-B5
Added Pin To Net: NetName=NetJ3_B5 Pin=R3-1
Added Net: Name=NetJ3_B5
Added Pin To Net: NetName=NetR1_2 Pin=R1-2
Added Pin To Net: NetName=NetR1_2 Pin=U2-6
Added Net: Name=NetR1_2
Added Pin To Net: NetName=NFC1 Pin=U1-L24
Added Net: Name=NFC1
Added Pin To Net: NetName=NFC2 Pin=U1-J24
Added Net: Name=NFC2
Added Pin To Net: NetName=QSPI/SCK Pin=U1-AC15
Added Net: Name=QSPI/SCK
Added Pin To Net: NetName=RESET Pin=J1-3
Added Pin To Net: NetName=RESET Pin=U1-AC13
Added Net: Name=RESET
Added Pin To Net: NetName=SWDCLK Pin=J1-4
Added Pin To Net: NetName=SWDCLK Pin=U1-AA24
Added Net: Name=SWDCLK
Added Pin To Net: NetName=SWDIO Pin=J1-2
Added Pin To Net: NetName=SWDIO Pin=U1-AC24
Added Net: Name=SWDIO
Added Pin To Net: NetName=SWO Pin=J1-6
Added Pin To Net: NetName=SWO Pin=U1-AD22
Added Net: Name=SWO
Added Pin To Net: NetName=USB_D_N Pin=D1-1
Added Pin To Net: NetName=USB_D_N Pin=J3-A7
Added Net: Name=USB_D_N
Added Pin To Net: NetName=USB_D_P Pin=D1-3
Added Pin To Net: NetName=USB_D_P Pin=J3-A6
Added Net: Name=USB_D_P
Added Pin To Net: NetName=VBUS Pin=D1-5
Added Pin To Net: NetName=VBUS Pin=FB1-1
Added Pin To Net: NetName=VBUS Pin=J3-A4B9
Added Pin To Net: NetName=VBUS Pin=J3-B4A9
Added Net: Name=VBUS
Added Pin To Net: NetName=VDD_nRF Pin=C4-2
Added Pin To Net: NetName=VDD_nRF Pin=C5-2
Added Pin To Net: NetName=VDD_nRF Pin=C17-2
Added Pin To Net: NetName=VDD_nRF Pin=C20-2
Added Pin To Net: NetName=VDD_nRF Pin=C22-2
Added Pin To Net: NetName=VDD_nRF Pin=J1-1
Added Pin To Net: NetName=VDD_nRF Pin=L4-1
Added Pin To Net: NetName=VDD_nRF Pin=U1-A22
Added Pin To Net: NetName=VDD_nRF Pin=U1-AD14
Added Pin To Net: NetName=VDD_nRF Pin=U1-AD23
Added Pin To Net: NetName=VDD_nRF Pin=U1-B1
Added Pin To Net: NetName=VDD_nRF Pin=U1-W1
Added Net: Name=VDD_nRF
Added Pin To Net: NetName=VDDH Pin=C18-2
Added Pin To Net: NetName=VDDH Pin=U1-Y2
Added Net: Name=VDDH
Added Pin To Net: NetName=XC1_32MHz Pin=C6-1
Added Pin To Net: NetName=XC1_32MHz Pin=U1-A23
Added Pin To Net: NetName=XC1_32MHz Pin=X1-1
Added Net: Name=XC1_32MHz
Added Pin To Net: NetName=XC2_32MHz Pin=C7-1
Added Pin To Net: NetName=XC2_32MHz Pin=U1-B24
Added Pin To Net: NetName=XC2_32MHz Pin=X1-3
Added Net: Name=XC2_32MHz
Added Pin To Net: NetName=XL1_32kHz Pin=C11-1
Added Pin To Net: NetName=XL1_32kHz Pin=U1-D2
Added Pin To Net: NetName=XL1_32kHz Pin=X2-2
Added Net: Name=XL1_32kHz
Added Pin To Net: NetName=XL2_32kHz Pin=C12-1
Added Pin To Net: NetName=XL2_32kHz Pin=U1-F2
Added Pin To Net: NetName=XL2_32kHz Pin=X2-1
Added Net: Name=XL2_32kHz
Added Class: Name=nrf52840
Added Class: Name=Power
Added Differential Pair: Name=D
Added Differential Pair: Name=USB_D
Added Room: Name=nrf52840
Added Room: Name=Power
